[debug] [2024-08-03T15:24:10.192Z] ----------------------------------------------------------------------
[debug] [2024-08-03T15:24:10.194Z] Command:       /opt/homebrew/Cellar/node/21.6.2_1/bin/node /usr/local/bin/firebase deploy --only functions --debug
[debug] [2024-08-03T15:24:10.194Z] CLI Version:   9.17.0
[debug] [2024-08-03T15:24:10.194Z] Platform:      darwin
[debug] [2024-08-03T15:24:10.194Z] Node Version:  v21.6.2
[debug] [2024-08-03T15:24:10.195Z] Time:          Sat Aug 03 2024 11:24:10 GMT-0400 (Eastern Daylight Time)
[debug] [2024-08-03T15:24:10.195Z] ----------------------------------------------------------------------
[debug] 
[debug] [2024-08-03T15:24:10.236Z] > command requires scopes: ["email","openid","https://www.googleapis.com/auth/cloudplatformprojects.readonly","https://www.googleapis.com/auth/firebase","https://www.googleapis.com/auth/cloud-platform"]
[debug] [2024-08-03T15:24:10.237Z] > authorizing via signed-in user (dannytadesse709@gmail.com)
[debug] [2024-08-03T15:24:10.237Z] [iam] checking project lifemanager-e9a32 for permissions ["cloudfunctions.functions.create","cloudfunctions.functions.delete","cloudfunctions.functions.get","cloudfunctions.functions.list","cloudfunctions.functions.update","cloudfunctions.operations.get","firebase.projects.get"]
[debug] [2024-08-03T15:24:10.239Z] >>> HTTP REQUEST POST https://cloudresourcemanager.googleapis.com/v1/projects/lifemanager-e9a32:testIamPermissions  
 {"permissions":["cloudfunctions.functions.create","cloudfunctions.functions.delete","cloudfunctions.functions.get","cloudfunctions.functions.list","cloudfunctions.functions.update","cloudfunctions.operations.get","firebase.projects.get"]}
[debug] [2024-08-03T15:24:10.499Z] <<< HTTP RESPONSE 200 {"content-type":"application/json; charset=UTF-8","vary":"X-Origin, Referer, Origin,Accept-Encoding","date":"Sat, 03 Aug 2024 15:24:10 GMT","server":"ESF","cache-control":"private","x-xss-protection":"0","x-frame-options":"SAMEORIGIN","x-content-type-options":"nosniff","server-timing":"gfet4t7; dur=131","alt-svc":"h3=\":443\"; ma=2592000,h3-29=\":443\"; ma=2592000","accept-ranges":"none","transfer-encoding":"chunked"}
[debug] [2024-08-03T15:24:10.502Z] >>> HTTP REQUEST POST https://iam.googleapis.com/v1/projects/lifemanager-e9a32/serviceAccounts/lifemanager-e9a32@appspot.gserviceaccount.com:testIamPermissions  
 {"permissions":["iam.serviceAccounts.actAs"]}
[debug] [2024-08-03T15:24:10.737Z] <<< HTTP RESPONSE 200 {"content-type":"application/json; charset=UTF-8","vary":"X-Origin, Referer, Origin,Accept-Encoding","date":"Sat, 03 Aug 2024 15:24:10 GMT","server":"ESF","cache-control":"private","x-xss-protection":"0","x-frame-options":"SAMEORIGIN","x-content-type-options":"nosniff","alt-svc":"h3=\":443\"; ma=2592000,h3-29=\":443\"; ma=2592000","accept-ranges":"none","transfer-encoding":"chunked"}
[info] 
[info] === Deploying to 'lifemanager-e9a32'...
[info] 
[info] i  deploying functions 
[debug] [2024-08-03T15:24:10.744Z] Validating nodejs source
[debug] [2024-08-03T15:24:11.845Z] > [functions] package.json contents: {
  "name": "functions",
  "description": "Cloud Functions for Firebase",
  "scripts": {
    "serve": "firebase emulators:start --only functions",
    "shell": "firebase functions:shell",
    "start": "npm run shell",
    "deploy": "firebase deploy --only functions",
    "logs": "firebase functions:log"
  },
  "engines": {
    "node": "16"
  },
  "main": "index.js",
  "dependencies": {
    "firebase-admin": "^11.8.0",
    "firebase-functions": "^5.0.1"
  },
  "devDependencies": {
    "firebase-functions-test": "^3.1.0"
  },
  "private": true
}
[debug] [2024-08-03T15:24:11.845Z] Building nodejs source
[info] i  functions: ensuring required API cloudfunctions.googleapis.com is enabled... 
[info] i  functions: ensuring required API cloudbuild.googleapis.com is enabled... 
[debug] [2024-08-03T15:24:11.846Z] >>> HTTP REQUEST GET https://serviceusage.googleapis.com/v1/projects/lifemanager-e9a32/services/cloudfunctions.googleapis.com  
 
[debug] [2024-08-03T15:24:11.846Z] >>> HTTP REQUEST GET https://serviceusage.googleapis.com/v1/projects/lifemanager-e9a32/services/runtimeconfig.googleapis.com  
 
[debug] [2024-08-03T15:24:11.847Z] >>> HTTP REQUEST GET https://serviceusage.googleapis.com/v1/projects/lifemanager-e9a32/services/cloudbuild.googleapis.com  
 
[debug] [2024-08-03T15:24:12.358Z] <<< HTTP RESPONSE 200 {"content-type":"application/json; charset=UTF-8","vary":"X-Origin, Referer, Origin,Accept-Encoding","date":"Sat, 03 Aug 2024 15:24:12 GMT","server":"ESF","cache-control":"private","x-xss-protection":"0","x-frame-options":"SAMEORIGIN","x-content-type-options":"nosniff","alt-svc":"h3=\":443\"; ma=2592000,h3-29=\":443\"; ma=2592000","accept-ranges":"none","transfer-encoding":"chunked"}
[debug] [2024-08-03T15:24:12.382Z] <<< HTTP RESPONSE 200 {"content-type":"application/json; charset=UTF-8","vary":"X-Origin, Referer, Origin,Accept-Encoding","date":"Sat, 03 Aug 2024 15:24:12 GMT","server":"ESF","cache-control":"private","x-xss-protection":"0","x-frame-options":"SAMEORIGIN","x-content-type-options":"nosniff","alt-svc":"h3=\":443\"; ma=2592000,h3-29=\":443\"; ma=2592000","accept-ranges":"none","transfer-encoding":"chunked"}
[info] ✔  functions: required API cloudbuild.googleapis.com is enabled 
[debug] [2024-08-03T15:24:12.414Z] <<< HTTP RESPONSE 200 {"content-type":"application/json; charset=UTF-8","vary":"X-Origin, Referer, Origin,Accept-Encoding","date":"Sat, 03 Aug 2024 15:24:12 GMT","server":"ESF","cache-control":"private","x-xss-protection":"0","x-frame-options":"SAMEORIGIN","x-content-type-options":"nosniff","alt-svc":"h3=\":443\"; ma=2592000,h3-29=\":443\"; ma=2592000","accept-ranges":"none","transfer-encoding":"chunked"}
[info] ✔  functions: required API cloudfunctions.googleapis.com is enabled 
[debug] [2024-08-03T15:24:12.415Z] >>> HTTP REQUEST GET https://firebase.googleapis.com/v1beta1/projects/lifemanager-e9a32/adminSdkConfig  
 
[debug] [2024-08-03T15:24:12.948Z] <<< HTTP RESPONSE 200 {"content-type":"application/json; charset=UTF-8","vary":"X-Origin, Referer, Origin,Accept-Encoding","date":"Sat, 03 Aug 2024 15:24:12 GMT","server":"ESF","cache-control":"private","x-xss-protection":"0","x-frame-options":"SAMEORIGIN","x-content-type-options":"nosniff","alt-svc":"h3=\":443\"; ma=2592000,h3-29=\":443\"; ma=2592000","accept-ranges":"none","transfer-encoding":"chunked"}
[debug] [2024-08-03T15:24:12.950Z] >>> HTTP REQUEST GET https://runtimeconfig.googleapis.com/v1beta1/projects/lifemanager-e9a32/configs  
 
[debug] [2024-08-03T15:24:13.144Z] <<< HTTP RESPONSE 200 {"content-type":"application/json; charset=UTF-8","vary":"X-Origin, Referer, Origin,Accept-Encoding","date":"Sat, 03 Aug 2024 15:24:13 GMT","server":"ESF","cache-control":"private","x-xss-protection":"0","x-frame-options":"SAMEORIGIN","x-content-type-options":"nosniff","alt-svc":"h3=\":443\"; ma=2592000,h3-29=\":443\"; ma=2592000","accept-ranges":"none","transfer-encoding":"chunked"}
[debug] [2024-08-03T15:24:13.147Z] Analyzing nodejs backend spec
[debug] [2024-08-03T15:24:13.447Z] >>> HTTP REQUEST GET https://cloudfunctions.googleapis.com/v1/projects/lifemanager-e9a32/locations/-/functions  
 
[debug] [2024-08-03T15:24:14.032Z] <<< HTTP RESPONSE 200 {"content-type":"application/json; charset=UTF-8","vary":"X-Origin, Referer, Origin,Accept-Encoding","date":"Sat, 03 Aug 2024 15:24:14 GMT","server":"ESF","cache-control":"private","x-xss-protection":"0","x-frame-options":"SAMEORIGIN","x-content-type-options":"nosniff","alt-svc":"h3=\":443\"; ma=2592000,h3-29=\":443\"; ma=2592000","accept-ranges":"none","transfer-encoding":"chunked"}
[debug] [2024-08-03T15:24:14.132Z] TypeError: Cannot read properties of undefined (reading 'length')
    at Object.functionMatchesAnyGroup (/usr/local/lib/node_modules/firebase-tools/lib/deploy/functions/functionsDeployHelper.js:10:23)
    at /usr/local/lib/node_modules/firebase-tools/lib/deploy/functions/deploymentPlanner.js:28:56
    at Array.filter (<anonymous>)
    at calculateRegionalFunctionChanges (/usr/local/lib/node_modules/firebase-tools/lib/deploy/functions/deploymentPlanner.js:28:17)
    at Object.createDeploymentPlan (/usr/local/lib/node_modules/firebase-tools/lib/deploy/functions/deploymentPlanner.js:78:50)
    at release (/usr/local/lib/node_modules/firebase-tools/lib/deploy/functions/release.js:28:48)
    at process.processTicksAndRejections (node:internal/process/task_queues:95:5)
[error] 
[error] Error: An unexpected error has occurred.
[debug] [2024-08-03T15:25:51.223Z] ----------------------------------------------------------------------
[debug] [2024-08-03T15:25:51.225Z] Command:       /opt/homebrew/Cellar/node/21.6.2_1/bin/node /usr/local/bin/firebase deploy --only functions
[debug] [2024-08-03T15:25:51.225Z] CLI Version:   9.17.0
[debug] [2024-08-03T15:25:51.226Z] Platform:      darwin
[debug] [2024-08-03T15:25:51.226Z] Node Version:  v21.6.2
[debug] [2024-08-03T15:25:51.226Z] Time:          Sat Aug 03 2024 11:25:51 GMT-0400 (Eastern Daylight Time)
[debug] [2024-08-03T15:25:51.226Z] ----------------------------------------------------------------------
[debug] 
[debug] [2024-08-03T15:25:51.268Z] > command requires scopes: ["email","openid","https://www.googleapis.com/auth/cloudplatformprojects.readonly","https://www.googleapis.com/auth/firebase","https://www.googleapis.com/auth/cloud-platform"]
[debug] [2024-08-03T15:25:51.268Z] > authorizing via signed-in user (dannytadesse709@gmail.com)
[debug] [2024-08-03T15:25:51.268Z] [iam] checking project lifemanager-e9a32 for permissions ["cloudfunctions.functions.create","cloudfunctions.functions.delete","cloudfunctions.functions.get","cloudfunctions.functions.list","cloudfunctions.functions.update","cloudfunctions.operations.get","firebase.projects.get"]
[debug] [2024-08-03T15:25:51.270Z] >>> HTTP REQUEST POST https://cloudresourcemanager.googleapis.com/v1/projects/lifemanager-e9a32:testIamPermissions  
 {"permissions":["cloudfunctions.functions.create","cloudfunctions.functions.delete","cloudfunctions.functions.get","cloudfunctions.functions.list","cloudfunctions.functions.update","cloudfunctions.operations.get","firebase.projects.get"]}
[debug] [2024-08-03T15:25:51.532Z] <<< HTTP RESPONSE 200 {"content-type":"application/json; charset=UTF-8","vary":"X-Origin, Referer, Origin,Accept-Encoding","date":"Sat, 03 Aug 2024 15:25:51 GMT","server":"ESF","cache-control":"private","x-xss-protection":"0","x-frame-options":"SAMEORIGIN","x-content-type-options":"nosniff","server-timing":"gfet4t7; dur=141","alt-svc":"h3=\":443\"; ma=2592000,h3-29=\":443\"; ma=2592000","accept-ranges":"none","transfer-encoding":"chunked"}
[debug] [2024-08-03T15:25:51.534Z] >>> HTTP REQUEST POST https://iam.googleapis.com/v1/projects/lifemanager-e9a32/serviceAccounts/lifemanager-e9a32@appspot.gserviceaccount.com:testIamPermissions  
 {"permissions":["iam.serviceAccounts.actAs"]}
[debug] [2024-08-03T15:25:51.755Z] <<< HTTP RESPONSE 200 {"content-type":"application/json; charset=UTF-8","vary":"X-Origin, Referer, Origin,Accept-Encoding","date":"Sat, 03 Aug 2024 15:25:51 GMT","server":"ESF","cache-control":"private","x-xss-protection":"0","x-frame-options":"SAMEORIGIN","x-content-type-options":"nosniff","alt-svc":"h3=\":443\"; ma=2592000,h3-29=\":443\"; ma=2592000","accept-ranges":"none","transfer-encoding":"chunked"}
[info] 
[info] === Deploying to 'lifemanager-e9a32'...
[info] 
[info] i  deploying functions 
[debug] [2024-08-03T15:25:51.761Z] Validating nodejs source
[debug] [2024-08-03T15:25:52.914Z] > [functions] package.json contents: {
  "name": "functions",
  "description": "Cloud Functions for Firebase",
  "scripts": {
    "serve": "firebase emulators:start --only functions",
    "shell": "firebase functions:shell",
    "start": "npm run shell",
    "deploy": "firebase deploy --only functions",
    "logs": "firebase functions:log"
  },
  "engines": {
    "node": "16"
  },
  "main": "index.js",
  "dependencies": {
    "firebase-admin": "^11.8.0",
    "firebase-functions": "^5.0.1"
  },
  "devDependencies": {
    "firebase-functions-test": "^3.1.0"
  },
  "private": true
}
[debug] [2024-08-03T15:25:52.914Z] Building nodejs source
[info] i  functions: ensuring required API cloudfunctions.googleapis.com is enabled... 
[info] i  functions: ensuring required API cloudbuild.googleapis.com is enabled... 
[debug] [2024-08-03T15:25:52.914Z] >>> HTTP REQUEST GET https://serviceusage.googleapis.com/v1/projects/lifemanager-e9a32/services/cloudfunctions.googleapis.com  
 
[debug] [2024-08-03T15:25:52.915Z] >>> HTTP REQUEST GET https://serviceusage.googleapis.com/v1/projects/lifemanager-e9a32/services/runtimeconfig.googleapis.com  
 
[debug] [2024-08-03T15:25:52.915Z] >>> HTTP REQUEST GET https://serviceusage.googleapis.com/v1/projects/lifemanager-e9a32/services/cloudbuild.googleapis.com  
 
[debug] [2024-08-03T15:25:53.427Z] <<< HTTP RESPONSE 200 {"content-type":"application/json; charset=UTF-8","vary":"X-Origin, Referer, Origin,Accept-Encoding","date":"Sat, 03 Aug 2024 15:25:53 GMT","server":"ESF","cache-control":"private","x-xss-protection":"0","x-frame-options":"SAMEORIGIN","x-content-type-options":"nosniff","alt-svc":"h3=\":443\"; ma=2592000,h3-29=\":443\"; ma=2592000","accept-ranges":"none","transfer-encoding":"chunked"}
[debug] [2024-08-03T15:25:53.461Z] <<< HTTP RESPONSE 200 {"content-type":"application/json; charset=UTF-8","vary":"X-Origin, Referer, Origin,Accept-Encoding","date":"Sat, 03 Aug 2024 15:25:53 GMT","server":"ESF","cache-control":"private","x-xss-protection":"0","x-frame-options":"SAMEORIGIN","x-content-type-options":"nosniff","alt-svc":"h3=\":443\"; ma=2592000,h3-29=\":443\"; ma=2592000","accept-ranges":"none","transfer-encoding":"chunked"}
[info] ✔  functions: required API cloudbuild.googleapis.com is enabled 
[debug] [2024-08-03T15:25:53.480Z] <<< HTTP RESPONSE 200 {"content-type":"application/json; charset=UTF-8","vary":"X-Origin, Referer, Origin,Accept-Encoding","date":"Sat, 03 Aug 2024 15:25:53 GMT","server":"ESF","cache-control":"private","x-xss-protection":"0","x-frame-options":"SAMEORIGIN","x-content-type-options":"nosniff","alt-svc":"h3=\":443\"; ma=2592000,h3-29=\":443\"; ma=2592000","accept-ranges":"none","transfer-encoding":"chunked"}
[info] ✔  functions: required API cloudfunctions.googleapis.com is enabled 
[debug] [2024-08-03T15:25:53.481Z] >>> HTTP REQUEST GET https://firebase.googleapis.com/v1beta1/projects/lifemanager-e9a32/adminSdkConfig  
 
[debug] [2024-08-03T15:25:54.009Z] <<< HTTP RESPONSE 200 {"content-type":"application/json; charset=UTF-8","vary":"X-Origin, Referer, Origin,Accept-Encoding","date":"Sat, 03 Aug 2024 15:25:54 GMT","server":"ESF","cache-control":"private","x-xss-protection":"0","x-frame-options":"SAMEORIGIN","x-content-type-options":"nosniff","alt-svc":"h3=\":443\"; ma=2592000,h3-29=\":443\"; ma=2592000","accept-ranges":"none","transfer-encoding":"chunked"}
[debug] [2024-08-03T15:25:54.010Z] >>> HTTP REQUEST GET https://runtimeconfig.googleapis.com/v1beta1/projects/lifemanager-e9a32/configs  
 
[debug] [2024-08-03T15:25:54.147Z] <<< HTTP RESPONSE 200 {"content-type":"application/json; charset=UTF-8","vary":"X-Origin, Referer, Origin,Accept-Encoding","date":"Sat, 03 Aug 2024 15:25:54 GMT","server":"ESF","cache-control":"private","x-xss-protection":"0","x-frame-options":"SAMEORIGIN","x-content-type-options":"nosniff","alt-svc":"h3=\":443\"; ma=2592000,h3-29=\":443\"; ma=2592000","accept-ranges":"none","transfer-encoding":"chunked"}
[debug] [2024-08-03T15:25:54.152Z] Analyzing nodejs backend spec
[debug] [2024-08-03T15:25:54.410Z] >>> HTTP REQUEST GET https://cloudfunctions.googleapis.com/v1/projects/lifemanager-e9a32/locations/-/functions  
 
[debug] [2024-08-03T15:25:55.064Z] <<< HTTP RESPONSE 200 {"content-type":"application/json; charset=UTF-8","vary":"X-Origin, Referer, Origin,Accept-Encoding","date":"Sat, 03 Aug 2024 15:25:55 GMT","server":"ESF","cache-control":"private","x-xss-protection":"0","x-frame-options":"SAMEORIGIN","x-content-type-options":"nosniff","alt-svc":"h3=\":443\"; ma=2592000,h3-29=\":443\"; ma=2592000","accept-ranges":"none","transfer-encoding":"chunked"}
[debug] [2024-08-03T15:25:55.165Z] TypeError: Cannot read properties of undefined (reading 'length')
    at Object.functionMatchesAnyGroup (/usr/local/lib/node_modules/firebase-tools/lib/deploy/functions/functionsDeployHelper.js:10:23)
    at /usr/local/lib/node_modules/firebase-tools/lib/deploy/functions/deploymentPlanner.js:28:56
    at Array.filter (<anonymous>)
    at calculateRegionalFunctionChanges (/usr/local/lib/node_modules/firebase-tools/lib/deploy/functions/deploymentPlanner.js:28:17)
    at Object.createDeploymentPlan (/usr/local/lib/node_modules/firebase-tools/lib/deploy/functions/deploymentPlanner.js:78:50)
    at release (/usr/local/lib/node_modules/firebase-tools/lib/deploy/functions/release.js:28:48)
    at process.processTicksAndRejections (node:internal/process/task_queues:95:5)
[error] 
[error] Error: An unexpected error has occurred.
[debug] [2024-08-03T15:53:44.733Z] ----------------------------------------------------------------------
[debug] [2024-08-03T15:53:44.734Z] Command:       /Users/conceptualdanny/.nvm/versions/node/v16.16.0/bin/node /usr/local/bin/firebase deploy --only functions --debug
[debug] [2024-08-03T15:53:44.734Z] CLI Version:   9.17.0
[debug] [2024-08-03T15:53:44.734Z] Platform:      darwin
[debug] [2024-08-03T15:53:44.734Z] Node Version:  v16.16.0
[debug] [2024-08-03T15:53:44.744Z] Time:          Sat Aug 03 2024 11:53:44 GMT-0400 (Eastern Daylight Time)
[debug] [2024-08-03T15:53:44.744Z] ----------------------------------------------------------------------
[debug] 
[debug] [2024-08-03T15:53:44.784Z] > command requires scopes: ["email","openid","https://www.googleapis.com/auth/cloudplatformprojects.readonly","https://www.googleapis.com/auth/firebase","https://www.googleapis.com/auth/cloud-platform"]
[debug] [2024-08-03T15:53:44.785Z] > authorizing via signed-in user (dannytadesse709@gmail.com)
[debug] [2024-08-03T15:53:44.785Z] [iam] checking project lifemanager-e9a32 for permissions ["cloudfunctions.functions.create","cloudfunctions.functions.delete","cloudfunctions.functions.get","cloudfunctions.functions.list","cloudfunctions.functions.update","cloudfunctions.operations.get","firebase.projects.get"]
[debug] [2024-08-03T15:53:44.787Z] >>> HTTP REQUEST POST https://cloudresourcemanager.googleapis.com/v1/projects/lifemanager-e9a32:testIamPermissions  
 {"permissions":["cloudfunctions.functions.create","cloudfunctions.functions.delete","cloudfunctions.functions.get","cloudfunctions.functions.list","cloudfunctions.functions.update","cloudfunctions.operations.get","firebase.projects.get"]}
[debug] [2024-08-03T15:53:45.059Z] <<< HTTP RESPONSE 200 {"content-type":"application/json; charset=UTF-8","vary":"X-Origin, Referer, Origin,Accept-Encoding","date":"Sat, 03 Aug 2024 15:53:45 GMT","server":"ESF","cache-control":"private","x-xss-protection":"0","x-frame-options":"SAMEORIGIN","x-content-type-options":"nosniff","server-timing":"gfet4t7; dur=134","alt-svc":"h3=\":443\"; ma=2592000,h3-29=\":443\"; ma=2592000","accept-ranges":"none","transfer-encoding":"chunked"}
[debug] [2024-08-03T15:53:45.061Z] >>> HTTP REQUEST POST https://iam.googleapis.com/v1/projects/lifemanager-e9a32/serviceAccounts/lifemanager-e9a32@appspot.gserviceaccount.com:testIamPermissions  
 {"permissions":["iam.serviceAccounts.actAs"]}
[debug] [2024-08-03T15:53:45.319Z] <<< HTTP RESPONSE 200 {"content-type":"application/json; charset=UTF-8","vary":"X-Origin, Referer, Origin,Accept-Encoding","date":"Sat, 03 Aug 2024 15:53:45 GMT","server":"ESF","cache-control":"private","x-xss-protection":"0","x-frame-options":"SAMEORIGIN","x-content-type-options":"nosniff","alt-svc":"h3=\":443\"; ma=2592000,h3-29=\":443\"; ma=2592000","accept-ranges":"none","transfer-encoding":"chunked"}
[info] 
[info] === Deploying to 'lifemanager-e9a32'...
[info] 
[info] i  deploying functions 
[debug] [2024-08-03T15:53:45.328Z] Validating nodejs source
[debug] [2024-08-03T15:53:46.495Z] > [functions] package.json contents: {
  "name": "functions",
  "description": "Cloud Functions for Firebase",
  "scripts": {
    "serve": "firebase emulators:start --only functions",
    "shell": "firebase functions:shell",
    "start": "npm run shell",
    "deploy": "firebase deploy --only functions",
    "logs": "firebase functions:log"
  },
  "engines": {
    "node": "16"
  },
  "main": "index.js",
  "dependencies": {
    "firebase-admin": "^11.8.0",
    "firebase-functions": "^5.0.1"
  },
  "devDependencies": {
    "firebase-functions-test": "^3.1.0"
  },
  "private": true
}
[debug] [2024-08-03T15:53:46.496Z] Building nodejs source
[info] i  functions: ensuring required API cloudfunctions.googleapis.com is enabled... 
[info] i  functions: ensuring required API cloudbuild.googleapis.com is enabled... 
[debug] [2024-08-03T15:53:46.497Z] >>> HTTP REQUEST GET https://serviceusage.googleapis.com/v1/projects/lifemanager-e9a32/services/cloudfunctions.googleapis.com  
 
[debug] [2024-08-03T15:53:46.497Z] >>> HTTP REQUEST GET https://serviceusage.googleapis.com/v1/projects/lifemanager-e9a32/services/runtimeconfig.googleapis.com  
 
[debug] [2024-08-03T15:53:46.497Z] >>> HTTP REQUEST GET https://serviceusage.googleapis.com/v1/projects/lifemanager-e9a32/services/cloudbuild.googleapis.com  
 
[debug] [2024-08-03T15:53:46.952Z] <<< HTTP RESPONSE 200 {"content-type":"application/json; charset=UTF-8","vary":"X-Origin, Referer, Origin,Accept-Encoding","date":"Sat, 03 Aug 2024 15:53:47 GMT","server":"ESF","cache-control":"private","x-xss-protection":"0","x-frame-options":"SAMEORIGIN","x-content-type-options":"nosniff","alt-svc":"h3=\":443\"; ma=2592000,h3-29=\":443\"; ma=2592000","accept-ranges":"none","transfer-encoding":"chunked"}
[debug] [2024-08-03T15:53:46.981Z] <<< HTTP RESPONSE 200 {"content-type":"application/json; charset=UTF-8","vary":"X-Origin, Referer, Origin,Accept-Encoding","date":"Sat, 03 Aug 2024 15:53:47 GMT","server":"ESF","cache-control":"private","x-xss-protection":"0","x-frame-options":"SAMEORIGIN","x-content-type-options":"nosniff","alt-svc":"h3=\":443\"; ma=2592000,h3-29=\":443\"; ma=2592000","accept-ranges":"none","transfer-encoding":"chunked"}
[info] ✔  functions: required API cloudbuild.googleapis.com is enabled 
[debug] [2024-08-03T15:53:47.016Z] <<< HTTP RESPONSE 200 {"content-type":"application/json; charset=UTF-8","vary":"X-Origin, Referer, Origin,Accept-Encoding","date":"Sat, 03 Aug 2024 15:53:47 GMT","server":"ESF","cache-control":"private","x-xss-protection":"0","x-frame-options":"SAMEORIGIN","x-content-type-options":"nosniff","alt-svc":"h3=\":443\"; ma=2592000,h3-29=\":443\"; ma=2592000","accept-ranges":"none","transfer-encoding":"chunked"}
[info] ✔  functions: required API cloudfunctions.googleapis.com is enabled 
[debug] [2024-08-03T15:53:47.018Z] >>> HTTP REQUEST GET https://firebase.googleapis.com/v1beta1/projects/lifemanager-e9a32/adminSdkConfig  
 
[debug] [2024-08-03T15:53:47.592Z] <<< HTTP RESPONSE 200 {"content-type":"application/json; charset=UTF-8","vary":"X-Origin, Referer, Origin,Accept-Encoding","date":"Sat, 03 Aug 2024 15:53:47 GMT","server":"ESF","cache-control":"private","x-xss-protection":"0","x-frame-options":"SAMEORIGIN","x-content-type-options":"nosniff","alt-svc":"h3=\":443\"; ma=2592000,h3-29=\":443\"; ma=2592000","accept-ranges":"none","transfer-encoding":"chunked"}
[debug] [2024-08-03T15:53:47.594Z] >>> HTTP REQUEST GET https://runtimeconfig.googleapis.com/v1beta1/projects/lifemanager-e9a32/configs  
 
[debug] [2024-08-03T15:53:47.772Z] <<< HTTP RESPONSE 200 {"content-type":"application/json; charset=UTF-8","vary":"X-Origin, Referer, Origin,Accept-Encoding","date":"Sat, 03 Aug 2024 15:53:47 GMT","server":"ESF","cache-control":"private","x-xss-protection":"0","x-frame-options":"SAMEORIGIN","x-content-type-options":"nosniff","alt-svc":"h3=\":443\"; ma=2592000,h3-29=\":443\"; ma=2592000","accept-ranges":"none","transfer-encoding":"chunked"}
[debug] [2024-08-03T15:53:47.777Z] Analyzing nodejs backend spec
[debug] [2024-08-03T15:53:48.043Z] >>> HTTP REQUEST GET https://cloudfunctions.googleapis.com/v1/projects/lifemanager-e9a32/locations/-/functions  
 
[debug] [2024-08-03T15:53:48.720Z] <<< HTTP RESPONSE 200 {"content-type":"application/json; charset=UTF-8","vary":"X-Origin, Referer, Origin,Accept-Encoding","date":"Sat, 03 Aug 2024 15:53:48 GMT","server":"ESF","cache-control":"private","x-xss-protection":"0","x-frame-options":"SAMEORIGIN","x-content-type-options":"nosniff","alt-svc":"h3=\":443\"; ma=2592000,h3-29=\":443\"; ma=2592000","accept-ranges":"none","transfer-encoding":"chunked"}
[debug] [2024-08-03T15:53:48.833Z] TypeError: Cannot read properties of undefined (reading 'length')
    at Object.functionMatchesAnyGroup (/usr/local/lib/node_modules/firebase-tools/lib/deploy/functions/functionsDeployHelper.js:10:23)
    at /usr/local/lib/node_modules/firebase-tools/lib/deploy/functions/deploymentPlanner.js:28:56
    at Array.filter (<anonymous>)
    at calculateRegionalFunctionChanges (/usr/local/lib/node_modules/firebase-tools/lib/deploy/functions/deploymentPlanner.js:28:17)
    at Object.createDeploymentPlan (/usr/local/lib/node_modules/firebase-tools/lib/deploy/functions/deploymentPlanner.js:78:50)
    at release (/usr/local/lib/node_modules/firebase-tools/lib/deploy/functions/release.js:28:48)
    at processTicksAndRejections (node:internal/process/task_queues:96:5)
[error] 
[error] Error: An unexpected error has occurred.
