[debug] [2024-08-05T03:10:46.292Z] ----------------------------------------------------------------------
[debug] [2024-08-05T03:10:46.294Z] Command:       /opt/homebrew/Cellar/node/21.6.2_1/bin/node /usr/local/bin/firebase deploy
[debug] [2024-08-05T03:10:46.294Z] CLI Version:   9.17.0
[debug] [2024-08-05T03:10:46.294Z] Platform:      darwin
[debug] [2024-08-05T03:10:46.295Z] Node Version:  v21.6.2
[debug] [2024-08-05T03:10:46.295Z] Time:          Sun Aug 04 2024 23:10:46 GMT-0400 (Eastern Daylight Time)
[debug] [2024-08-05T03:10:46.295Z] ----------------------------------------------------------------------
[debug] 
[debug] [2024-08-05T03:10:46.338Z] > command requires scopes: ["email","openid","https://www.googleapis.com/auth/cloudplatformprojects.readonly","https://www.googleapis.com/auth/firebase","https://www.googleapis.com/auth/cloud-platform"]
[debug] [2024-08-05T03:10:46.338Z] > authorizing via signed-in user (dannytadesse709@gmail.com)
[debug] [2024-08-05T03:10:46.338Z] [iam] checking project lifemanager-e9a32 for permissions ["cloudfunctions.functions.create","cloudfunctions.functions.delete","cloudfunctions.functions.get","cloudfunctions.functions.list","cloudfunctions.functions.update","cloudfunctions.operations.get","datastore.indexes.create","datastore.indexes.delete","datastore.indexes.list","datastore.indexes.update","firebase.projects.get","firebasehosting.sites.update","firebaserules.releases.create","firebaserules.releases.update","firebaserules.rulesets.create"]
[debug] [2024-08-05T03:10:46.340Z] > refreshing access token with scopes: ["email","https://www.googleapis.com/auth/cloud-platform","https://www.googleapis.com/auth/cloudplatformprojects.readonly","https://www.googleapis.com/auth/firebase","openid"]
[debug] [2024-08-05T03:10:46.340Z] >>> HTTP REQUEST POST https://www.googleapis.com/oauth2/v3/token  
 <request body omitted>
[debug] [2024-08-05T03:10:46.517Z] <<< HTTP RESPONSE 200 {"expires":"Mon, 01 Jan 1990 00:00:00 GMT","date":"Mon, 05 Aug 2024 03:10:46 GMT","pragma":"no-cache","cache-control":"no-cache, no-store, max-age=0, must-revalidate","content-type":"application/json; charset=utf-8","vary":"X-Origin, Referer, Origin,Accept-Encoding","server":"scaffolding on HTTPServer2","x-xss-protection":"0","x-frame-options":"SAMEORIGIN","x-content-type-options":"nosniff","alt-svc":"h3=\":443\"; ma=2592000,h3-29=\":443\"; ma=2592000","accept-ranges":"none","transfer-encoding":"chunked"}
[debug] [2024-08-05T03:10:46.571Z] >>> HTTP REQUEST POST https://cloudresourcemanager.googleapis.com/v1/projects/lifemanager-e9a32:testIamPermissions  
 {"permissions":["cloudfunctions.functions.create","cloudfunctions.functions.delete","cloudfunctions.functions.get","cloudfunctions.functions.list","cloudfunctions.functions.update","cloudfunctions.operations.get","datastore.indexes.create","datastore.indexes.delete","datastore.indexes.list","datastore.indexes.update","firebase.projects.get","firebasehosting.sites.update","firebaserules.releases.create","firebaserules.releases.update","firebaserules.rulesets.create"]}
[debug] [2024-08-05T03:10:46.840Z] <<< HTTP RESPONSE 200 {"content-type":"application/json; charset=UTF-8","vary":"X-Origin, Referer, Origin,Accept-Encoding","date":"Mon, 05 Aug 2024 03:10:46 GMT","server":"ESF","cache-control":"private","x-xss-protection":"0","x-frame-options":"SAMEORIGIN","x-content-type-options":"nosniff","server-timing":"gfet4t7; dur=147","alt-svc":"h3=\":443\"; ma=2592000,h3-29=\":443\"; ma=2592000","accept-ranges":"none","transfer-encoding":"chunked"}
[debug] [2024-08-05T03:10:46.841Z] >>> HTTP REQUEST POST https://iam.googleapis.com/v1/projects/lifemanager-e9a32/serviceAccounts/lifemanager-e9a32@appspot.gserviceaccount.com:testIamPermissions  
 {"permissions":["iam.serviceAccounts.actAs"]}
[debug] [2024-08-05T03:10:47.124Z] <<< HTTP RESPONSE 200 {"content-type":"application/json; charset=UTF-8","vary":"X-Origin, Referer, Origin,Accept-Encoding","date":"Mon, 05 Aug 2024 03:10:47 GMT","server":"ESF","cache-control":"private","x-xss-protection":"0","x-frame-options":"SAMEORIGIN","x-content-type-options":"nosniff","alt-svc":"h3=\":443\"; ma=2592000,h3-29=\":443\"; ma=2592000","accept-ranges":"none","transfer-encoding":"chunked"}
[debug] [2024-08-05T03:10:47.126Z] > refreshing access token with scopes: []
[debug] [2024-08-05T03:10:47.127Z] >>> HTTP REQUEST POST https://www.googleapis.com/oauth2/v3/token  
 <request body omitted>
[debug] [2024-08-05T03:10:47.220Z] <<< HTTP RESPONSE 200 {"pragma":"no-cache","expires":"Mon, 01 Jan 1990 00:00:00 GMT","date":"Mon, 05 Aug 2024 03:10:47 GMT","cache-control":"no-cache, no-store, max-age=0, must-revalidate","content-type":"application/json; charset=utf-8","vary":"X-Origin, Referer, Origin,Accept-Encoding","server":"scaffolding on HTTPServer2","x-xss-protection":"0","x-frame-options":"SAMEORIGIN","x-content-type-options":"nosniff","alt-svc":"h3=\":443\"; ma=2592000,h3-29=\":443\"; ma=2592000","accept-ranges":"none","transfer-encoding":"chunked"}
[debug] [2024-08-05T03:10:47.241Z] >>> [apiv2][query] GET https://firebase.googleapis.com/v1beta1/projects/lifemanager-e9a32 [none]
[debug] [2024-08-05T03:10:47.656Z] <<< [apiv2][status] GET https://firebase.googleapis.com/v1beta1/projects/lifemanager-e9a32 200
[debug] [2024-08-05T03:10:47.656Z] <<< [apiv2][body] GET https://firebase.googleapis.com/v1beta1/projects/lifemanager-e9a32 {"projectId":"lifemanager-e9a32","projectNumber":"713689999202","displayName":"lifemanager","name":"projects/lifemanager-e9a32","resources":{"hostingSite":"lifemanager-e9a32","storageBucket":"lifemanager-e9a32.appspot.com","locationId":"us-central"},"state":"ACTIVE","etag":"1_8eec9761-32f0-429d-aca1-fbd2df08b1a8"}
[info] 
[info] === Deploying to 'lifemanager-e9a32'...
[info] 
[info] i  deploying storage, firestore, functions, hosting 
[debug] [2024-08-05T03:10:47.658Z] > refreshing access token with scopes: ["email","https://www.googleapis.com/auth/cloud-platform","https://www.googleapis.com/auth/cloudplatformprojects.readonly","https://www.googleapis.com/auth/firebase","openid"]
[debug] [2024-08-05T03:10:47.658Z] >>> HTTP REQUEST POST https://www.googleapis.com/oauth2/v3/token  
 <request body omitted>
[debug] [2024-08-05T03:10:47.742Z] <<< HTTP RESPONSE 200 {"pragma":"no-cache","cache-control":"no-cache, no-store, max-age=0, must-revalidate","expires":"Mon, 01 Jan 1990 00:00:00 GMT","date":"Mon, 05 Aug 2024 03:10:47 GMT","content-type":"application/json; charset=utf-8","vary":"X-Origin, Referer, Origin,Accept-Encoding","server":"scaffolding on HTTPServer2","x-xss-protection":"0","x-frame-options":"SAMEORIGIN","x-content-type-options":"nosniff","alt-svc":"h3=\":443\"; ma=2592000,h3-29=\":443\"; ma=2592000","accept-ranges":"none","transfer-encoding":"chunked"}
[debug] [2024-08-05T03:10:47.758Z] >>> HTTP REQUEST GET https://appengine.googleapis.com/v1/apps/lifemanager-e9a32  
 
[debug] [2024-08-05T03:10:48.069Z] <<< HTTP RESPONSE 200 {"content-type":"application/json; charset=UTF-8","vary":"X-Origin, Referer, Origin,Accept-Encoding","date":"Mon, 05 Aug 2024 03:10:48 GMT","server":"ESF","cache-control":"private","x-xss-protection":"0","x-frame-options":"SAMEORIGIN","x-content-type-options":"nosniff","alt-svc":"h3=\":443\"; ma=2592000,h3-29=\":443\"; ma=2592000","accept-ranges":"none","transfer-encoding":"chunked"}
[info] i  firebase.storage: checking storage.rules for compilation errors... 
[debug] [2024-08-05T03:10:48.073Z] >>> HTTP REQUEST POST https://firebaserules.googleapis.com/v1/projects/lifemanager-e9a32:test  
 {"source":{"files":[{"name":"storage.rules","content":"rules_version = '2';\nservice firebase.storage {\n  match /b/{bucket}/o {\n    match /{allPaths=**} {\n      allow read, write: if request.auth!=null;\n    }\n  }\n}\n"}]}}
[debug] [2024-08-05T03:10:48.303Z] <<< HTTP RESPONSE 200 {"content-type":"application/json; charset=UTF-8","vary":"X-Origin, Referer, Origin,Accept-Encoding","date":"Mon, 05 Aug 2024 03:10:48 GMT","server":"ESF","cache-control":"private","x-xss-protection":"0","x-frame-options":"SAMEORIGIN","x-content-type-options":"nosniff","alt-svc":"h3=\":443\"; ma=2592000,h3-29=\":443\"; ma=2592000","accept-ranges":"none","transfer-encoding":"chunked"}
[info] ✔  firebase.storage: rules file storage.rules compiled successfully 
[info] i  firestore: reading indexes from firestore.indexes.json... 
[info] i  cloud.firestore: checking firestore.rules for compilation errors... 
[debug] [2024-08-05T03:10:48.307Z] >>> HTTP REQUEST POST https://firebaserules.googleapis.com/v1/projects/lifemanager-e9a32:test  
 {"source":{"files":[{"name":"firestore.rules","content":"rules_version = '2';\n\nservice cloud.firestore {\n  match /databases/{database}/documents {\n\n    // This rule allows anyone with your Firestore database reference to view, edit,\n    // and delete all data in your Firestore database. It is useful for getting\n    // started, but it is configured to expire after 30 days because it\n    // leaves your app open to attackers. At that time, all client\n    // requests to your Firestore database will be denied.\n    //\n    // Make sure to write security rules for your app before that time, or else\n    // all client requests to your Firestore database will be denied until you Update\n    // your rules\n    match /{document=**} {\n      allow read, write: if request.time < timestamp.date(2024, 8, 9);\n    }\n  }\n}"}]}}
[debug] [2024-08-05T03:10:48.499Z] <<< HTTP RESPONSE 200 {"content-type":"application/json; charset=UTF-8","vary":"X-Origin, Referer, Origin,Accept-Encoding","date":"Mon, 05 Aug 2024 03:10:48 GMT","server":"ESF","cache-control":"private","x-xss-protection":"0","x-frame-options":"SAMEORIGIN","x-content-type-options":"nosniff","alt-svc":"h3=\":443\"; ma=2592000,h3-29=\":443\"; ma=2592000","accept-ranges":"none","transfer-encoding":"chunked"}
[info] ✔  cloud.firestore: rules file firestore.rules compiled successfully 
[debug] [2024-08-05T03:10:48.503Z] Validating nodejs source
[debug] [2024-08-05T03:10:50.104Z] > [functions] package.json contents: {
  "name": "functions",
  "description": "Cloud Functions for Firebase",
  "scripts": {
    "serve": "firebase emulators:start --only functions",
    "shell": "firebase functions:shell",
    "start": "npm run shell",
    "deploy": "firebase deploy --only functions",
    "logs": "firebase functions:log"
  },
  "engines": {
    "node": "16"
  },
  "main": "index.js",
  "dependencies": {
    "firebase-admin": "^11.8.0",
    "firebase-functions": "^5.0.1"
  },
  "devDependencies": {
    "firebase-functions-test": "^3.1.0"
  },
  "private": true
}
[debug] [2024-08-05T03:10:50.104Z] Building nodejs source
[info] i  functions: ensuring required API cloudfunctions.googleapis.com is enabled... 
[info] i  functions: ensuring required API cloudbuild.googleapis.com is enabled... 
[debug] [2024-08-05T03:10:50.105Z] >>> HTTP REQUEST GET https://serviceusage.googleapis.com/v1/projects/lifemanager-e9a32/services/cloudfunctions.googleapis.com  
 
[debug] [2024-08-05T03:10:50.105Z] >>> HTTP REQUEST GET https://serviceusage.googleapis.com/v1/projects/lifemanager-e9a32/services/runtimeconfig.googleapis.com  
 
[debug] [2024-08-05T03:10:50.106Z] >>> HTTP REQUEST GET https://serviceusage.googleapis.com/v1/projects/lifemanager-e9a32/services/cloudbuild.googleapis.com  
 
[debug] [2024-08-05T03:10:50.990Z] <<< HTTP RESPONSE 200 {"content-type":"application/json; charset=UTF-8","vary":"X-Origin, Referer, Origin,Accept-Encoding","date":"Mon, 05 Aug 2024 03:10:51 GMT","server":"ESF","cache-control":"private","x-xss-protection":"0","x-frame-options":"SAMEORIGIN","x-content-type-options":"nosniff","alt-svc":"h3=\":443\"; ma=2592000,h3-29=\":443\"; ma=2592000","accept-ranges":"none","transfer-encoding":"chunked"}
[info] ✔  functions: required API cloudbuild.googleapis.com is enabled 
[debug] [2024-08-05T03:10:51.340Z] <<< HTTP RESPONSE 200 {"content-type":"application/json; charset=UTF-8","vary":"X-Origin, Referer, Origin,Accept-Encoding","date":"Mon, 05 Aug 2024 03:10:51 GMT","server":"ESF","cache-control":"private","x-xss-protection":"0","x-frame-options":"SAMEORIGIN","x-content-type-options":"nosniff","alt-svc":"h3=\":443\"; ma=2592000,h3-29=\":443\"; ma=2592000","accept-ranges":"none","transfer-encoding":"chunked"}
[debug] [2024-08-05T03:10:51.535Z] <<< HTTP RESPONSE 200 {"content-type":"application/json; charset=UTF-8","vary":"X-Origin, Referer, Origin,Accept-Encoding","date":"Mon, 05 Aug 2024 03:10:51 GMT","server":"ESF","cache-control":"private","x-xss-protection":"0","x-frame-options":"SAMEORIGIN","x-content-type-options":"nosniff","alt-svc":"h3=\":443\"; ma=2592000,h3-29=\":443\"; ma=2592000","accept-ranges":"none","transfer-encoding":"chunked"}
[info] ✔  functions: required API cloudfunctions.googleapis.com is enabled 
[debug] [2024-08-05T03:10:51.536Z] >>> HTTP REQUEST GET https://firebase.googleapis.com/v1beta1/projects/lifemanager-e9a32/adminSdkConfig  
 
[debug] [2024-08-05T03:10:52.031Z] <<< HTTP RESPONSE 200 {"content-type":"application/json; charset=UTF-8","vary":"X-Origin, Referer, Origin,Accept-Encoding","date":"Mon, 05 Aug 2024 03:10:52 GMT","server":"ESF","cache-control":"private","x-xss-protection":"0","x-frame-options":"SAMEORIGIN","x-content-type-options":"nosniff","alt-svc":"h3=\":443\"; ma=2592000,h3-29=\":443\"; ma=2592000","accept-ranges":"none","transfer-encoding":"chunked"}
[debug] [2024-08-05T03:10:52.032Z] >>> HTTP REQUEST GET https://runtimeconfig.googleapis.com/v1beta1/projects/lifemanager-e9a32/configs  
 
[debug] [2024-08-05T03:10:52.405Z] <<< HTTP RESPONSE 200 {"content-type":"application/json; charset=UTF-8","vary":"X-Origin, Referer, Origin,Accept-Encoding","date":"Mon, 05 Aug 2024 03:10:52 GMT","server":"ESF","cache-control":"private","x-xss-protection":"0","x-frame-options":"SAMEORIGIN","x-content-type-options":"nosniff","alt-svc":"h3=\":443\"; ma=2592000,h3-29=\":443\"; ma=2592000","accept-ranges":"none","transfer-encoding":"chunked"}
[debug] [2024-08-05T03:10:52.409Z] Analyzing nodejs backend spec
[info] i  functions: preparing functions directory for uploading... 
[info] i  functions: packaged functions (69.08 KB) for uploading 
[debug] [2024-08-05T03:10:52.870Z] >>> HTTP REQUEST GET https://cloudfunctions.googleapis.com/v1/projects/lifemanager-e9a32/locations/-/functions  
 
[debug] [2024-08-05T03:10:53.495Z] <<< HTTP RESPONSE 200 {"content-type":"application/json; charset=UTF-8","vary":"X-Origin, Referer, Origin,Accept-Encoding","date":"Mon, 05 Aug 2024 03:10:53 GMT","server":"ESF","cache-control":"private","x-xss-protection":"0","x-frame-options":"SAMEORIGIN","x-content-type-options":"nosniff","alt-svc":"h3=\":443\"; ma=2592000,h3-29=\":443\"; ma=2592000","accept-ranges":"none","transfer-encoding":"chunked"}
[debug] [2024-08-05T03:10:53.498Z] >>> HTTP REQUEST POST https://firebasehosting.googleapis.com/v1beta1/sites/lifemanager-e9a32/versions  
 {"config":{},"labels":{"deployment-tool":"cli-firebase"}}
[debug] [2024-08-05T03:10:54.217Z] <<< HTTP RESPONSE 200 {"content-type":"application/json; charset=UTF-8","vary":"X-Origin, Referer, Origin,Accept-Encoding","date":"Mon, 05 Aug 2024 03:10:54 GMT","server":"ESF","cache-control":"private","x-xss-protection":"0","x-frame-options":"SAMEORIGIN","x-content-type-options":"nosniff","alt-svc":"h3=\":443\"; ma=2592000,h3-29=\":443\"; ma=2592000","accept-ranges":"none","transfer-encoding":"chunked"}
[debug] [2024-08-05T03:10:54.219Z] >>> HTTP REQUEST GET https://firebaserules.googleapis.com/v1/projects/lifemanager-e9a32/releases?pageSize=10&pageToken=  
 
[debug] [2024-08-05T03:10:54.449Z] <<< HTTP RESPONSE 200 {"content-type":"application/json; charset=UTF-8","vary":"X-Origin, Referer, Origin,Accept-Encoding","date":"Mon, 05 Aug 2024 03:10:54 GMT","server":"ESF","cache-control":"private","x-xss-protection":"0","x-frame-options":"SAMEORIGIN","x-content-type-options":"nosniff","alt-svc":"h3=\":443\"; ma=2592000,h3-29=\":443\"; ma=2592000","accept-ranges":"none","transfer-encoding":"chunked"}
[debug] [2024-08-05T03:10:54.452Z] >>> HTTP REQUEST GET https://firebaserules.googleapis.com/v1/projects/lifemanager-e9a32/rulesets/f0ecd601-7513-49ee-92cd-0d38b8844738  
 
[debug] [2024-08-05T03:10:54.626Z] <<< HTTP RESPONSE 200 {"content-type":"application/json; charset=UTF-8","vary":"X-Origin, Referer, Origin,Accept-Encoding","date":"Mon, 05 Aug 2024 03:10:54 GMT","server":"ESF","cache-control":"private","x-xss-protection":"0","x-frame-options":"SAMEORIGIN","x-content-type-options":"nosniff","alt-svc":"h3=\":443\"; ma=2592000,h3-29=\":443\"; ma=2592000","accept-ranges":"none","transfer-encoding":"chunked"}
[info] i  storage: latest version of storage.rules already up to date, skipping upload... 
[debug] [2024-08-05T03:10:54.629Z] >>> HTTP REQUEST GET https://firebaserules.googleapis.com/v1/projects/lifemanager-e9a32/releases?pageSize=10&pageToken=  
 
[debug] [2024-08-05T03:10:54.630Z] >>> HTTP REQUEST GET https://firestore.googleapis.com/v1/projects/lifemanager-e9a32/databases/(default)/collectionGroups/-/indexes  
 
[debug] [2024-08-05T03:10:54.777Z] <<< HTTP RESPONSE 200 {"content-type":"application/json; charset=UTF-8","vary":"X-Origin, Referer, Origin,Accept-Encoding","date":"Mon, 05 Aug 2024 03:10:54 GMT","server":"ESF","cache-control":"private","x-xss-protection":"0","x-frame-options":"SAMEORIGIN","x-content-type-options":"nosniff","alt-svc":"h3=\":443\"; ma=2592000,h3-29=\":443\"; ma=2592000","accept-ranges":"none","transfer-encoding":"chunked"}
[debug] [2024-08-05T03:10:54.778Z] >>> HTTP REQUEST GET https://firebaserules.googleapis.com/v1/projects/lifemanager-e9a32/rulesets/14f0e288-0e0d-41c3-b6d9-9f96979bdb09  
 
[debug] [2024-08-05T03:10:54.895Z] <<< HTTP RESPONSE 200 {"content-type":"application/json; charset=UTF-8","vary":"X-Origin, Referer, Origin,Accept-Encoding","date":"Mon, 05 Aug 2024 03:10:55 GMT","server":"ESF","cache-control":"private","x-xss-protection":"0","x-frame-options":"SAMEORIGIN","x-content-type-options":"nosniff","alt-svc":"h3=\":443\"; ma=2592000,h3-29=\":443\"; ma=2592000","accept-ranges":"none","transfer-encoding":"chunked"}
[info] i  firestore: latest version of firestore.rules already up to date, skipping upload... 
[debug] [2024-08-05T03:10:54.943Z] <<< HTTP RESPONSE 200 {"x-debug-tracking-id":"15222917186062228021;o=0","content-type":"application/json; charset=UTF-8","vary":"X-Origin, Referer, Origin,Accept-Encoding","date":"Mon, 05 Aug 2024 03:10:55 GMT","server":"ESF","cache-control":"private","x-xss-protection":"0","x-frame-options":"SAMEORIGIN","x-content-type-options":"nosniff","alt-svc":"h3=\":443\"; ma=2592000,h3-29=\":443\"; ma=2592000","accept-ranges":"none","transfer-encoding":"chunked"}
[debug] [2024-08-05T03:10:54.944Z] >>> HTTP REQUEST GET https://firestore.googleapis.com/v1/projects/lifemanager-e9a32/databases/(default)/collectionGroups/-/fields?filter=indexConfig.usesAncestorConfig=false  
 
[debug] [2024-08-05T03:10:55.064Z] <<< HTTP RESPONSE 200 {"x-debug-tracking-id":"7678162859434425425;o=0","content-type":"application/json; charset=UTF-8","vary":"X-Origin, Referer, Origin,Accept-Encoding","date":"Mon, 05 Aug 2024 03:10:55 GMT","server":"ESF","cache-control":"private","x-xss-protection":"0","x-frame-options":"SAMEORIGIN","x-content-type-options":"nosniff","alt-svc":"h3=\":443\"; ma=2592000,h3-29=\":443\"; ma=2592000","accept-ranges":"none","transfer-encoding":"chunked"}
[info] ✔  firestore: deployed indexes in firestore.indexes.json successfully 
[debug] [2024-08-05T03:10:55.065Z] [functions] found 1 new HTTP functions, testing setIamPolicy permission...
[debug] [2024-08-05T03:10:55.066Z] >>> HTTP REQUEST POST https://cloudresourcemanager.googleapis.com/v1/projects/lifemanager-e9a32:testIamPermissions  
 {"permissions":["cloudfunctions.functions.setIamPolicy"]}
[debug] [2024-08-05T03:10:55.282Z] <<< HTTP RESPONSE 200 {"content-type":"application/json; charset=UTF-8","vary":"X-Origin, Referer, Origin,Accept-Encoding","date":"Mon, 05 Aug 2024 03:10:55 GMT","server":"ESF","cache-control":"private","x-xss-protection":"0","x-frame-options":"SAMEORIGIN","x-content-type-options":"nosniff","server-timing":"gfet4t7; dur=133","alt-svc":"h3=\":443\"; ma=2592000,h3-29=\":443\"; ma=2592000","accept-ranges":"none","transfer-encoding":"chunked"}
[debug] [2024-08-05T03:10:55.283Z] [functions] found setIamPolicy permission, proceeding with deploy
[debug] [2024-08-05T03:10:55.284Z] >>> HTTP REQUEST POST https://cloudfunctions.googleapis.com/v1/projects/lifemanager-e9a32/locations/us-central1/functions:generateUploadUrl  
 
[debug] [2024-08-05T03:10:55.802Z] <<< HTTP RESPONSE 200 {"content-type":"application/json; charset=UTF-8","vary":"X-Origin, Referer, Origin,Accept-Encoding","date":"Mon, 05 Aug 2024 03:10:55 GMT","server":"ESF","cache-control":"private","x-xss-protection":"0","x-frame-options":"SAMEORIGIN","x-content-type-options":"nosniff","alt-svc":"h3=\":443\"; ma=2592000,h3-29=\":443\"; ma=2592000","accept-ranges":"none","transfer-encoding":"chunked"}
[debug] [2024-08-05T03:10:55.804Z] >>> HTTP REQUEST PUT https://storage.googleapis.com/uploads-513857285237.us-central1.cloudfunctions.appspot.com/d5203eb2-26cb-4eea-bb71-256e8da517c0.zip?GoogleAccessId=service-713689999202@gcf-admin-robot.iam.gserviceaccount.com&Expires=1722829255&Signature=luyhgkDOTK%2BRtnhHKz3xp2%2FxARdVUHIZzMRiBFma%2FRaFsto0YS2art0pBIuASA7%2FPE140K9OBlRRbXrbD6Du8qouA6%2FOLXA8Cr5fF3uyV8EKK%2FYz%2FSPQdA4l9FvYLkEBsUX3aKwi3Zf09y5PXuJISy0OjTMXLnOdn8HPdy%2FXRs0VGectzi7Qo9CPDMK1JPCm3LzpOIRGrCEZXbhV9vn7tVbWQB4WFNGb%2Fnp%2B%2BmemYY3ROMCoY8y6rU%2Fzl7x42SWq%2F0RjMfM%2B%2BQ7ZLeTqBzklFgLRepd0Ahj9nxKBSFlj4%2Bug%2FhgWkUUMU3qIhkccAfxrrROdKelOQBHBw%2FSxZGrCiQ%3D%3D  
 <request body omitted>
[debug] [2024-08-05T03:10:56.113Z] <<< HTTP RESPONSE 200 {"etag":"\"c0221ef274ee1dcf36f36981d730b320\"","x-goog-generation":"1722827456229831","x-goog-metageneration":"1","x-goog-hash":"crc32c=cMJhYg==, md5=wCIe8nTuHc8282mB1zCzIA==","x-goog-stored-content-length":"70737","x-goog-stored-content-encoding":"identity","vary":"Origin","x-guploader-uploadid":"AHxI1nNMlt-e0yaWVHAL3rR7_JdAk3zKpyAWyt0BnJopcFvPaf8BMQIXzFO-W_XnMDVpvJ9xujU","content-length":"0","date":"Mon, 05 Aug 2024 03:10:56 GMT","server":"UploadServer","content-type":"text/html; charset=UTF-8","alt-svc":"h3=\":443\"; ma=2592000,h3-29=\":443\"; ma=2592000"}
[info] ✔  functions: functions folder uploaded successfully 
[info] i  hosting[lifemanager-e9a32]: beginning deploy... 
[info] i  hosting[lifemanager-e9a32]: found 15 files in build 
[debug] [2024-08-05T03:10:56.524Z] > refreshing access token with scopes: []
[debug] [2024-08-05T03:10:56.525Z] >>> HTTP REQUEST POST https://www.googleapis.com/oauth2/v3/token  
 <request body omitted>
[debug] [2024-08-05T03:10:56.527Z] [hosting] hash cache [YnVpbGQ] stored for 15 files
[debug] [2024-08-05T03:10:56.527Z] [hosting][hash queue][FINAL] {"max":388,"min":8,"avg":37.6,"active":0,"complete":15,"success":15,"errored":0,"retried":0,"total":15,"elapsed":397}
[debug] [2024-08-05T03:10:56.674Z] <<< HTTP RESPONSE 200 {"cache-control":"no-cache, no-store, max-age=0, must-revalidate","expires":"Mon, 01 Jan 1990 00:00:00 GMT","date":"Mon, 05 Aug 2024 03:10:56 GMT","pragma":"no-cache","content-type":"application/json; charset=utf-8","vary":"X-Origin, Referer, Origin,Accept-Encoding","server":"scaffolding on HTTPServer2","x-xss-protection":"0","x-frame-options":"SAMEORIGIN","x-content-type-options":"nosniff","alt-svc":"h3=\":443\"; ma=2592000,h3-29=\":443\"; ma=2592000","accept-ranges":"none","transfer-encoding":"chunked"}
[debug] [2024-08-05T03:10:56.704Z] >>> [apiv2][query] POST https://firebasehosting.googleapis.com/v1beta1/sites/lifemanager-e9a32/versions/02b1a479e5a3766e:populateFiles [none]
[debug] [2024-08-05T03:10:56.704Z] >>> [apiv2][body] POST https://firebasehosting.googleapis.com/v1beta1/sites/lifemanager-e9a32/versions/02b1a479e5a3766e:populateFiles {"files":{"/asset-manifest.json":"634db385565fd34f8c144eeba6ffdfeb1839714b201e2365657ae89a4c3cfe9b","/404.html":"05cbc6f94d7a69ce2e29646eab13be2c884e61ba93e3094df5028866876d18b3","/manifest.json":"341d52628782f8ac9290bbfc43298afccb47b7cbfcee146ae30cf0f46bc30900","/index.html":"91555da7cab5ccf98a346cd77a8675f603a8608908bdab6451c63f2978c0dcbb","/robots.txt":"391d14b3c2f8c9143a27a28c7399585142228d4d1bdbe2c87ac946de411fa9a2","/logo192.png":"caff018b7f1e8fd481eb1c50d75b0ef236bcd5078b1d15c8bb348453fee30293","/favicon.ico":"b72f7455f00e4e58792d2bca892abb068e2213838c0316d6b7a0d6d16acd1955","/static/js/453.06f561f2.chunk.js":"468ebd7a0f25852b5c47539365014b909d392fea1a2b825a36a2474a41011fe3","/logo512.png":"191fc21360b4ccfb1cda11a1efb97f489ed22672ca83f4064316802bbfdd750e","/static/css/main.5f776d99.css.map":"0f63c38cbb061de810d27e9e6c698d5f39b2259fe2143d206a0812c0db49185c","/static/css/main.5f776d99.css":"6d8fff2a07c4c24127f3cc2701bace47cf290bc7ee41cc8c91447854f9f70d63","/static/js/main.e18d12cc.js.LICENSE.txt":"2535cfa4c28965e72813bd088abf8e3c11352af8af2b822ab8672e8b2607f36d","/static/js/453.06f561f2.chunk.js.map":"b79ebb854954e0146887320d2c4710994cbf56eddcd8422521d3afb96fee2a58","/static/js/main.e18d12cc.js":"f12380b78515f11ed1ebec219ab3c1a0657490d4387e7d089fdfa6a3234310fe","/static/js/main.e18d12cc.js.map":"694300337a2c392fc3ad871fcf0a101a9ae3c9952ca7a5c2ba53b86eaffb7ba6"}}
[debug] [2024-08-05T03:10:56.888Z] <<< [apiv2][status] POST https://firebasehosting.googleapis.com/v1beta1/sites/lifemanager-e9a32/versions/02b1a479e5a3766e:populateFiles 200
[debug] [2024-08-05T03:10:56.889Z] <<< [apiv2][body] POST https://firebasehosting.googleapis.com/v1beta1/sites/lifemanager-e9a32/versions/02b1a479e5a3766e:populateFiles {"uploadRequiredHashes":["f12380b78515f11ed1ebec219ab3c1a0657490d4387e7d089fdfa6a3234310fe","91555da7cab5ccf98a346cd77a8675f603a8608908bdab6451c63f2978c0dcbb","0f63c38cbb061de810d27e9e6c698d5f39b2259fe2143d206a0812c0db49185c","2535cfa4c28965e72813bd088abf8e3c11352af8af2b822ab8672e8b2607f36d","694300337a2c392fc3ad871fcf0a101a9ae3c9952ca7a5c2ba53b86eaffb7ba6","634db385565fd34f8c144eeba6ffdfeb1839714b201e2365657ae89a4c3cfe9b","6d8fff2a07c4c24127f3cc2701bace47cf290bc7ee41cc8c91447854f9f70d63"],"uploadUrl":"https://upload-firebasehosting.googleapis.com/upload/sites/lifemanager-e9a32/versions/02b1a479e5a3766e/files"}
[debug] [2024-08-05T03:10:56.893Z] >>> [apiv2][query] POST https://upload-firebasehosting.googleapis.com/upload/sites/lifemanager-e9a32/versions/02b1a479e5a3766e/files/f12380b78515f11ed1ebec219ab3c1a0657490d4387e7d089fdfa6a3234310fe [none]
[debug] [2024-08-05T03:10:56.893Z] >>> [apiv2][body] POST https://upload-firebasehosting.googleapis.com/upload/sites/lifemanager-e9a32/versions/02b1a479e5a3766e/files/f12380b78515f11ed1ebec219ab3c1a0657490d4387e7d089fdfa6a3234310fe [stream]
[debug] [2024-08-05T03:10:56.897Z] >>> [apiv2][query] POST https://upload-firebasehosting.googleapis.com/upload/sites/lifemanager-e9a32/versions/02b1a479e5a3766e/files/91555da7cab5ccf98a346cd77a8675f603a8608908bdab6451c63f2978c0dcbb [none]
[debug] [2024-08-05T03:10:56.897Z] >>> [apiv2][body] POST https://upload-firebasehosting.googleapis.com/upload/sites/lifemanager-e9a32/versions/02b1a479e5a3766e/files/91555da7cab5ccf98a346cd77a8675f603a8608908bdab6451c63f2978c0dcbb [stream]
[debug] [2024-08-05T03:10:56.900Z] >>> [apiv2][query] POST https://upload-firebasehosting.googleapis.com/upload/sites/lifemanager-e9a32/versions/02b1a479e5a3766e/files/0f63c38cbb061de810d27e9e6c698d5f39b2259fe2143d206a0812c0db49185c [none]
[debug] [2024-08-05T03:10:56.900Z] >>> [apiv2][body] POST https://upload-firebasehosting.googleapis.com/upload/sites/lifemanager-e9a32/versions/02b1a479e5a3766e/files/0f63c38cbb061de810d27e9e6c698d5f39b2259fe2143d206a0812c0db49185c [stream]
[debug] [2024-08-05T03:10:56.902Z] >>> [apiv2][query] POST https://upload-firebasehosting.googleapis.com/upload/sites/lifemanager-e9a32/versions/02b1a479e5a3766e/files/2535cfa4c28965e72813bd088abf8e3c11352af8af2b822ab8672e8b2607f36d [none]
[debug] [2024-08-05T03:10:56.902Z] >>> [apiv2][body] POST https://upload-firebasehosting.googleapis.com/upload/sites/lifemanager-e9a32/versions/02b1a479e5a3766e/files/2535cfa4c28965e72813bd088abf8e3c11352af8af2b822ab8672e8b2607f36d [stream]
[debug] [2024-08-05T03:10:56.903Z] >>> [apiv2][query] POST https://upload-firebasehosting.googleapis.com/upload/sites/lifemanager-e9a32/versions/02b1a479e5a3766e/files/694300337a2c392fc3ad871fcf0a101a9ae3c9952ca7a5c2ba53b86eaffb7ba6 [none]
[debug] [2024-08-05T03:10:56.903Z] >>> [apiv2][body] POST https://upload-firebasehosting.googleapis.com/upload/sites/lifemanager-e9a32/versions/02b1a479e5a3766e/files/694300337a2c392fc3ad871fcf0a101a9ae3c9952ca7a5c2ba53b86eaffb7ba6 [stream]
[debug] [2024-08-05T03:10:56.905Z] >>> [apiv2][query] POST https://upload-firebasehosting.googleapis.com/upload/sites/lifemanager-e9a32/versions/02b1a479e5a3766e/files/634db385565fd34f8c144eeba6ffdfeb1839714b201e2365657ae89a4c3cfe9b [none]
[debug] [2024-08-05T03:10:56.905Z] >>> [apiv2][body] POST https://upload-firebasehosting.googleapis.com/upload/sites/lifemanager-e9a32/versions/02b1a479e5a3766e/files/634db385565fd34f8c144eeba6ffdfeb1839714b201e2365657ae89a4c3cfe9b [stream]
[debug] [2024-08-05T03:10:56.906Z] >>> [apiv2][query] POST https://upload-firebasehosting.googleapis.com/upload/sites/lifemanager-e9a32/versions/02b1a479e5a3766e/files/6d8fff2a07c4c24127f3cc2701bace47cf290bc7ee41cc8c91447854f9f70d63 [none]
[debug] [2024-08-05T03:10:56.906Z] >>> [apiv2][body] POST https://upload-firebasehosting.googleapis.com/upload/sites/lifemanager-e9a32/versions/02b1a479e5a3766e/files/6d8fff2a07c4c24127f3cc2701bace47cf290bc7ee41cc8c91447854f9f70d63 [stream]
[debug] [2024-08-05T03:10:56.907Z] [hosting][populate queue][FINAL] {"max":369,"min":369,"avg":369,"active":0,"complete":1,"success":1,"errored":0,"retried":0,"total":1,"elapsed":383}
[debug] [2024-08-05T03:10:56.908Z] [hosting] uploads queued: 7
[debug] [2024-08-05T03:10:57.669Z] <<< [apiv2][status] POST https://upload-firebasehosting.googleapis.com/upload/sites/lifemanager-e9a32/versions/02b1a479e5a3766e/files/91555da7cab5ccf98a346cd77a8675f603a8608908bdab6451c63f2978c0dcbb 200
[debug] [2024-08-05T03:10:57.669Z] <<< [apiv2][body] POST https://upload-firebasehosting.googleapis.com/upload/sites/lifemanager-e9a32/versions/02b1a479e5a3766e/files/91555da7cab5ccf98a346cd77a8675f603a8608908bdab6451c63f2978c0dcbb [stream]
[debug] [2024-08-05T03:10:57.669Z] <<< [apiv2][status] POST https://upload-firebasehosting.googleapis.com/upload/sites/lifemanager-e9a32/versions/02b1a479e5a3766e/files/634db385565fd34f8c144eeba6ffdfeb1839714b201e2365657ae89a4c3cfe9b 200
[debug] [2024-08-05T03:10:57.669Z] <<< [apiv2][body] POST https://upload-firebasehosting.googleapis.com/upload/sites/lifemanager-e9a32/versions/02b1a479e5a3766e/files/634db385565fd34f8c144eeba6ffdfeb1839714b201e2365657ae89a4c3cfe9b [stream]
[debug] [2024-08-05T03:10:57.670Z] <<< [apiv2][status] POST https://upload-firebasehosting.googleapis.com/upload/sites/lifemanager-e9a32/versions/02b1a479e5a3766e/files/0f63c38cbb061de810d27e9e6c698d5f39b2259fe2143d206a0812c0db49185c 200
[debug] [2024-08-05T03:10:57.670Z] <<< [apiv2][body] POST https://upload-firebasehosting.googleapis.com/upload/sites/lifemanager-e9a32/versions/02b1a479e5a3766e/files/0f63c38cbb061de810d27e9e6c698d5f39b2259fe2143d206a0812c0db49185c [stream]
[debug] [2024-08-05T03:10:57.671Z] <<< [apiv2][status] POST https://upload-firebasehosting.googleapis.com/upload/sites/lifemanager-e9a32/versions/02b1a479e5a3766e/files/6d8fff2a07c4c24127f3cc2701bace47cf290bc7ee41cc8c91447854f9f70d63 200
[debug] [2024-08-05T03:10:57.671Z] <<< [apiv2][body] POST https://upload-firebasehosting.googleapis.com/upload/sites/lifemanager-e9a32/versions/02b1a479e5a3766e/files/6d8fff2a07c4c24127f3cc2701bace47cf290bc7ee41cc8c91447854f9f70d63 [stream]
[debug] [2024-08-05T03:10:57.711Z] <<< [apiv2][status] POST https://upload-firebasehosting.googleapis.com/upload/sites/lifemanager-e9a32/versions/02b1a479e5a3766e/files/2535cfa4c28965e72813bd088abf8e3c11352af8af2b822ab8672e8b2607f36d 200
[debug] [2024-08-05T03:10:57.711Z] <<< [apiv2][body] POST https://upload-firebasehosting.googleapis.com/upload/sites/lifemanager-e9a32/versions/02b1a479e5a3766e/files/2535cfa4c28965e72813bd088abf8e3c11352af8af2b822ab8672e8b2607f36d [stream]
[debug] [2024-08-05T03:10:57.721Z] <<< [apiv2][status] POST https://upload-firebasehosting.googleapis.com/upload/sites/lifemanager-e9a32/versions/02b1a479e5a3766e/files/f12380b78515f11ed1ebec219ab3c1a0657490d4387e7d089fdfa6a3234310fe 200
[debug] [2024-08-05T03:10:57.721Z] <<< [apiv2][body] POST https://upload-firebasehosting.googleapis.com/upload/sites/lifemanager-e9a32/versions/02b1a479e5a3766e/files/f12380b78515f11ed1ebec219ab3c1a0657490d4387e7d089fdfa6a3234310fe [stream]
[debug] [2024-08-05T03:10:57.852Z] <<< [apiv2][status] POST https://upload-firebasehosting.googleapis.com/upload/sites/lifemanager-e9a32/versions/02b1a479e5a3766e/files/694300337a2c392fc3ad871fcf0a101a9ae3c9952ca7a5c2ba53b86eaffb7ba6 200
[debug] [2024-08-05T03:10:57.852Z] <<< [apiv2][body] POST https://upload-firebasehosting.googleapis.com/upload/sites/lifemanager-e9a32/versions/02b1a479e5a3766e/files/694300337a2c392fc3ad871fcf0a101a9ae3c9952ca7a5c2ba53b86eaffb7ba6 [stream]
[debug] [2024-08-05T03:10:57.852Z] [hosting][upload queue][FINAL] {"max":960,"min":778,"avg":817.5714285714286,"active":0,"complete":7,"success":7,"errored":0,"retried":0,"total":7,"elapsed":963}
[info] ✔  hosting[lifemanager-e9a32]: file upload complete 
[debug] [2024-08-05T03:10:57.852Z] [hosting] deploy completed after 1737ms
[debug] [2024-08-05T03:10:57.853Z] [rules] releasing firebase.storage/lifemanager-e9a32.appspot.com with ruleset projects/lifemanager-e9a32/rulesets/f0ecd601-7513-49ee-92cd-0d38b8844738
[debug] [2024-08-05T03:10:57.854Z] > refreshing access token with scopes: ["email","https://www.googleapis.com/auth/cloud-platform","https://www.googleapis.com/auth/cloudplatformprojects.readonly","https://www.googleapis.com/auth/firebase","openid"]
[debug] [2024-08-05T03:10:57.854Z] >>> HTTP REQUEST POST https://www.googleapis.com/oauth2/v3/token  
 <request body omitted>
[debug] [2024-08-05T03:10:57.947Z] <<< HTTP RESPONSE 200 {"cache-control":"no-cache, no-store, max-age=0, must-revalidate","expires":"Mon, 01 Jan 1990 00:00:00 GMT","date":"Mon, 05 Aug 2024 03:10:58 GMT","pragma":"no-cache","content-type":"application/json; charset=utf-8","vary":"X-Origin, Referer, Origin,Accept-Encoding","server":"scaffolding on HTTPServer2","x-xss-protection":"0","x-frame-options":"SAMEORIGIN","x-content-type-options":"nosniff","alt-svc":"h3=\":443\"; ma=2592000,h3-29=\":443\"; ma=2592000","accept-ranges":"none","transfer-encoding":"chunked"}
[debug] [2024-08-05T03:10:57.978Z] >>> HTTP REQUEST PATCH https://firebaserules.googleapis.com/v1/projects/lifemanager-e9a32/releases/firebase.storage/lifemanager-e9a32.appspot.com  
 {"release":{"name":"projects/lifemanager-e9a32/releases/firebase.storage/lifemanager-e9a32.appspot.com","rulesetName":"projects/lifemanager-e9a32/rulesets/f0ecd601-7513-49ee-92cd-0d38b8844738"}}
[debug] [2024-08-05T03:10:58.377Z] <<< HTTP RESPONSE 200 {"content-type":"application/json; charset=UTF-8","vary":"X-Origin, Referer, Origin,Accept-Encoding","date":"Mon, 05 Aug 2024 03:10:58 GMT","server":"ESF","cache-control":"private","x-xss-protection":"0","x-frame-options":"SAMEORIGIN","x-content-type-options":"nosniff","alt-svc":"h3=\":443\"; ma=2592000,h3-29=\":443\"; ma=2592000","accept-ranges":"none","transfer-encoding":"chunked"}
[debug] [2024-08-05T03:10:58.378Z] [rules] updated release projects/lifemanager-e9a32/releases/firebase.storage/lifemanager-e9a32.appspot.com
[info] ✔  storage: released rules storage.rules to firebase.storage 
[debug] [2024-08-05T03:10:58.379Z] [rules] releasing cloud.firestore with ruleset projects/lifemanager-e9a32/rulesets/14f0e288-0e0d-41c3-b6d9-9f96979bdb09
[debug] [2024-08-05T03:10:58.379Z] >>> HTTP REQUEST PATCH https://firebaserules.googleapis.com/v1/projects/lifemanager-e9a32/releases/cloud.firestore  
 {"release":{"name":"projects/lifemanager-e9a32/releases/cloud.firestore","rulesetName":"projects/lifemanager-e9a32/rulesets/14f0e288-0e0d-41c3-b6d9-9f96979bdb09"}}
[debug] [2024-08-05T03:10:58.688Z] <<< HTTP RESPONSE 200 {"content-type":"application/json; charset=UTF-8","vary":"X-Origin, Referer, Origin,Accept-Encoding","date":"Mon, 05 Aug 2024 03:10:58 GMT","server":"ESF","cache-control":"private","x-xss-protection":"0","x-frame-options":"SAMEORIGIN","x-content-type-options":"nosniff","alt-svc":"h3=\":443\"; ma=2592000,h3-29=\":443\"; ma=2592000","accept-ranges":"none","transfer-encoding":"chunked"}
[debug] [2024-08-05T03:10:58.689Z] [rules] updated release projects/lifemanager-e9a32/releases/cloud.firestore
[info] ✔  firestore: released rules firestore.rules to cloud.firestore 
[info] 
The following functions are found in your project but do not exist in your local source code:
	scrapeBrightspace(us-central1)

If you are renaming a function or changing its region, it is recommended that you create the new function first before deleting the old one to prevent event loss. For more info, visit https://firebase.google.com/docs/functions/manage-functions#modify

